D:\!Schule\NVS\4.Klasse\Mobile Computing\UE12_Game\DotT\Defense_of_the_Tavern\Defense_of_the_Tavern\app.js
D:\!Schule\NVS\4.Klasse\Mobile Computing\UE12_Game\DotT\Defense_of_the_Tavern\Defense_of_the_Tavern\app.js
D:\!Schule\NVS\4.Klasse\Mobile Computing\UE12_Game\DotT\Defense_of_the_Tavern\Defense_of_the_Tavern\app.js
D:\!Schule\NVS\4.Klasse\Mobile Computing\UE12_Game\DotT\Defense_of_the_Tavern\Defense_of_the_Tavern\app.js
D:\!Schule\NVS\4.Klasse\Mobile Computing\UE12_Game\DotT\Defense_of_the_Tavern\Defense_of_the_Tavern\app.js
D:\!Schule\NVS\4.Klasse\Mobile Computing\UE12_Game\DotT\Defense_of_the_Tavern\Defense_of_the_Tavern\app.js
D:\!Schule\NVS\4.Klasse\Mobile Computing\UE12_Game\DotT\Defense_of_the_Tavern\Defense_of_the_Tavern\app.js
D:\!Schule\NVS\4.Klasse\Mobile Computing\UE12_Game\DotT\Defense_of_the_Tavern\Defense_of_the_Tavern\app.js
D:\!Schule\NVS\4.Klasse\Mobile Computing\UE12_Game\DotT\Defense_of_the_Tavern\Defense_of_the_Tavern\app.js
D:\!Schule\NVS\4.Klasse\Mobile Computing\UE12_Game\DotT\Defense_of_the_Tavern\Defense_of_the_Tavern\app.js
D:\!Schule\NVS\4.Klasse\Mobile Computing\UE12_Game\DotT\Defense_of_the_Tavern\Defense_of_the_Tavern\app.js
D:\!Schule\NVS\4.Klasse\Mobile Computing\UE12_Game\DotT\Defense_of_the_Tavern\Defense_of_the_Tavern\app.js
C:\repos\real-time-game-quiz-4ahif-JonasReichhardt\Defense_of_the_Tavern\Defense_of_the_Tavern\app.js
C:\repos\real-time-game-quiz-4ahif-JonasReichhardt\Defense_of_the_Tavern\Defense_of_the_Tavern\app.js
C:\repos\real-time-game-quiz-4ahif-JonasReichhardt\Defense_of_the_Tavern\Defense_of_the_Tavern\app.js
C:\repos\real-time-game-quiz-4ahif-JonasReichhardt\Defense_of_the_Tavern\Defense_of_the_Tavern\app.js
C:\repos\real-time-game-quiz-4ahif-JonasReichhardt\Defense_of_the_Tavern\Defense_of_the_Tavern\app.js
C:\repos\real-time-game-quiz-4ahif-JonasReichhardt\Defense_of_the_Tavern\Defense_of_the_Tavern\app.js
C:\repos\real-time-game-quiz-4ahif-JonasReichhardt\Defense_of_the_Tavern\Defense_of_the_Tavern\app.js
C:\repos\real-time-game-quiz-4ahif-JonasReichhardt\Defense_of_the_Tavern\Defense_of_the_Tavern\app.js
C:\repos\real-time-game-quiz-4ahif-JonasReichhardt\Defense_of_the_Tavern\Defense_of_the_Tavern\app.js
C:\repos\real-time-game-quiz-4ahif-JonasReichhardt\Defense_of_the_Tavern\Defense_of_the_Tavern\app.js
C:\repos\real-time-game-quiz-4ahif-JonasReichhardt\Defense_of_the_Tavern\Defense_of_the_Tavern\app.js
C:\repos\real-time-game-quiz-4ahif-JonasReichhardt\Defense_of_the_Tavern\Defense_of_the_Tavern\app.js
C:\repos\real-time-game-quiz-4ahif-JonasReichhardt\Defense_of_the_Tavern\Defense_of_the_Tavern\app.js
C:\repos\real-time-game-quiz-4ahif-JonasReichhardt\Defense_of_the_Tavern\Defense_of_the_Tavern\app.js
C:\repos\real-time-game-quiz-4ahif-JonasReichhardt\Defense_of_the_Tavern\Defense_of_the_Tavern\app.js
C:\repos\real-time-game-quiz-4ahif-JonasReichhardt\Defense_of_the_Tavern\Defense_of_the_Tavern\app.js
C:\repos\real-time-game-quiz-4ahif-JonasReichhardt\Defense_of_the_Tavern\Defense_of_the_Tavern\app.js
C:\repos\real-time-game-quiz-4ahif-JonasReichhardt\Defense_of_the_Tavern\Defense_of_the_Tavern\app.js
C:\repos\real-time-game-quiz-4ahif-JonasReichhardt\Defense_of_the_Tavern\Defense_of_the_Tavern\app.js
C:\repos\real-time-game-quiz-4ahif-JonasReichhardt\Defense_of_the_Tavern\Defense_of_the_Tavern\app.js
C:\repos\real-time-game-quiz-4ahif-JonasReichhardt\Defense_of_the_Tavern\Defense_of_the_Tavern\app.js
C:\repos\real-time-game-quiz-4ahif-JonasReichhardt\Defense_of_the_Tavern\Defense_of_the_Tavern\app.js
C:\repos\real-time-game-quiz-4ahif-JonasReichhardt\Defense_of_the_Tavern\Defense_of_the_Tavern\app.js
C:\repos\real-time-game-quiz-4ahif-JonasReichhardt\Defense_of_the_Tavern\Defense_of_the_Tavern\app.js
C:\repos\real-time-game-quiz-4ahif-JonasReichhardt\Defense_of_the_Tavern\Defense_of_the_Tavern\app.js
C:\repos\real-time-game-quiz-4ahif-JonasReichhardt\Defense_of_the_Tavern\Defense_of_the_Tavern\app.js
C:\repos\real-time-game-quiz-4ahif-JonasReichhardt\Defense_of_the_Tavern\Defense_of_the_Tavern\app.js
C:\repos\real-time-game-quiz-4ahif-JonasReichhardt\Defense_of_the_Tavern\Defense_of_the_Tavern\app.js
C:\repos\real-time-game-quiz-4ahif-JonasReichhardt\Defense_of_the_Tavern\Defense_of_the_Tavern\app.js
C:\repos\real-time-game-quiz-4ahif-JonasReichhardt\Defense_of_the_Tavern\Defense_of_the_Tavern\app.js
C:\repos\real-time-game-quiz-4ahif-JonasReichhardt\Defense_of_the_Tavern\Defense_of_the_Tavern\app.js
C:\repos\real-time-game-quiz-4ahif-JonasReichhardt\Defense_of_the_Tavern\Defense_of_the_Tavern\app.js
C:\repos\real-time-game-quiz-4ahif-JonasReichhardt\Defense_of_the_Tavern\Defense_of_the_Tavern\app.js
C:\repos\real-time-game-quiz-4ahif-JonasReichhardt\Defense_of_the_Tavern\Defense_of_the_Tavern\app.js
C:\repos\real-time-game-quiz-4ahif-JonasReichhardt\Defense_of_the_Tavern\Defense_of_the_Tavern\app.js
C:\repos\real-time-game-quiz-4ahif-JonasReichhardt\Defense_of_the_Tavern\Defense_of_the_Tavern\app.js
C:\repos\real-time-game-quiz-4ahif-JonasReichhardt\Defense_of_the_Tavern\Defense_of_the_Tavern\app.js
C:\repos\real-time-game-quiz-4ahif-JonasReichhardt\Defense_of_the_Tavern\Defense_of_the_Tavern\app.js
C:\repos\real-time-game-quiz-4ahif-JonasReichhardt\Defense_of_the_Tavern\Defense_of_the_Tavern\app.js
C:\repos\real-time-game-quiz-4ahif-JonasReichhardt\Defense_of_the_Tavern\Defense_of_the_Tavern\app.js
C:\repos\real-time-game-quiz-4ahif-JonasReichhardt\Defense_of_the_Tavern\Defense_of_the_Tavern\app.js
C:\repos\real-time-game-quiz-4ahif-JonasReichhardt\Defense_of_the_Tavern\Defense_of_the_Tavern\app.js
C:\repos\real-time-game-quiz-4ahif-JonasReichhardt\Defense_of_the_Tavern\Defense_of_the_Tavern\app.js
C:\repos\real-time-game-quiz-4ahif-JonasReichhardt\Defense_of_the_Tavern\Defense_of_the_Tavern\app.js
C:\repos\real-time-game-quiz-4ahif-JonasReichhardt\Defense_of_the_Tavern\Defense_of_the_Tavern\app.js
C:\repos\real-time-game-quiz-4ahif-JonasReichhardt\Defense_of_the_Tavern\Defense_of_the_Tavern\app.js
C:\repos\real-time-game-quiz-4ahif-JonasReichhardt\Defense_of_the_Tavern\Defense_of_the_Tavern\app.js
C:\repos\real-time-game-quiz-4ahif-JonasReichhardt\Defense_of_the_Tavern\Defense_of_the_Tavern\app.js
C:\repos\real-time-game-quiz-4ahif-JonasReichhardt\Defense_of_the_Tavern\Defense_of_the_Tavern\app.js
C:\repos\real-time-game-quiz-4ahif-JonasReichhardt\Defense_of_the_Tavern\Defense_of_the_Tavern\app.js
C:\repos\real-time-game-quiz-4ahif-JonasReichhardt\Defense_of_the_Tavern\Defense_of_the_Tavern\app.js
C:\repos\real-time-game-quiz-4ahif-JonasReichhardt\Defense_of_the_Tavern\Defense_of_the_Tavern\app.js
C:\repos\real-time-game-quiz-4ahif-JonasReichhardt\Defense_of_the_Tavern\Defense_of_the_Tavern\app.js
C:\repos\real-time-game-quiz-4ahif-JonasReichhardt\Defense_of_the_Tavern\Defense_of_the_Tavern\app.js
C:\repos\real-time-game-quiz-4ahif-JonasReichhardt\Defense_of_the_Tavern\Defense_of_the_Tavern\app.js
C:\repos\real-time-game-quiz-4ahif-JonasReichhardt\Defense_of_the_Tavern\Defense_of_the_Tavern\app.js
C:\repos\real-time-game-quiz-4ahif-JonasReichhardt\Defense_of_the_Tavern\Defense_of_the_Tavern\boot.js
C:\repos\real-time-game-quiz-4ahif-JonasReichhardt\Defense_of_the_Tavern\Defense_of_the_Tavern\load.js
C:\repos\real-time-game-quiz-4ahif-JonasReichhardt\Defense_of_the_Tavern\Defense_of_the_Tavern\menu.js
C:\repos\real-time-game-quiz-4ahif-JonasReichhardt\Defense_of_the_Tavern\Defense_of_the_Tavern\play.js
C:\repos\real-time-game-quiz-4ahif-JonasReichhardt\Defense_of_the_Tavern\Defense_of_the_Tavern\app.js
C:\repos\real-time-game-quiz-4ahif-JonasReichhardt\Defense_of_the_Tavern\Defense_of_the_Tavern\boot.js
C:\repos\real-time-game-quiz-4ahif-JonasReichhardt\Defense_of_the_Tavern\Defense_of_the_Tavern\load.js
C:\repos\real-time-game-quiz-4ahif-JonasReichhardt\Defense_of_the_Tavern\Defense_of_the_Tavern\menu.js
C:\repos\real-time-game-quiz-4ahif-JonasReichhardt\Defense_of_the_Tavern\Defense_of_the_Tavern\play.js
C:\repos\real-time-game-quiz-4ahif-JonasReichhardt\Defense_of_the_Tavern\Defense_of_the_Tavern\app.js
C:\repos\real-time-game-quiz-4ahif-JonasReichhardt\Defense_of_the_Tavern\Defense_of_the_Tavern\boot.js
C:\repos\real-time-game-quiz-4ahif-JonasReichhardt\Defense_of_the_Tavern\Defense_of_the_Tavern\load.js
C:\repos\real-time-game-quiz-4ahif-JonasReichhardt\Defense_of_the_Tavern\Defense_of_the_Tavern\menu.js
C:\repos\real-time-game-quiz-4ahif-JonasReichhardt\Defense_of_the_Tavern\Defense_of_the_Tavern\play.js
C:\repos\real-time-game-quiz-4ahif-JonasReichhardt\Defense_of_the_Tavern\Defense_of_the_Tavern\app.js
C:\repos\real-time-game-quiz-4ahif-JonasReichhardt\Defense_of_the_Tavern\Defense_of_the_Tavern\boot.js
C:\repos\real-time-game-quiz-4ahif-JonasReichhardt\Defense_of_the_Tavern\Defense_of_the_Tavern\load.js
C:\repos\real-time-game-quiz-4ahif-JonasReichhardt\Defense_of_the_Tavern\Defense_of_the_Tavern\menu.js
C:\repos\real-time-game-quiz-4ahif-JonasReichhardt\Defense_of_the_Tavern\Defense_of_the_Tavern\play.js
C:\repos\real-time-game-quiz-4ahif-JonasReichhardt\Defense_of_the_Tavern\Defense_of_the_Tavern\app.js
C:\repos\real-time-game-quiz-4ahif-JonasReichhardt\Defense_of_the_Tavern\Defense_of_the_Tavern\boot.js
C:\repos\real-time-game-quiz-4ahif-JonasReichhardt\Defense_of_the_Tavern\Defense_of_the_Tavern\load.js
C:\repos\real-time-game-quiz-4ahif-JonasReichhardt\Defense_of_the_Tavern\Defense_of_the_Tavern\menu.js
C:\repos\real-time-game-quiz-4ahif-JonasReichhardt\Defense_of_the_Tavern\Defense_of_the_Tavern\play.js
C:\repos\real-time-game-quiz-4ahif-JonasReichhardt\Defense_of_the_Tavern\Defense_of_the_Tavern\app.js
C:\repos\real-time-game-quiz-4ahif-JonasReichhardt\Defense_of_the_Tavern\Defense_of_the_Tavern\boot.js
C:\repos\real-time-game-quiz-4ahif-JonasReichhardt\Defense_of_the_Tavern\Defense_of_the_Tavern\load.js
C:\repos\real-time-game-quiz-4ahif-JonasReichhardt\Defense_of_the_Tavern\Defense_of_the_Tavern\menu.js
C:\repos\real-time-game-quiz-4ahif-JonasReichhardt\Defense_of_the_Tavern\Defense_of_the_Tavern\play.js
C:\repos\real-time-game-quiz-4ahif-JonasReichhardt\Defense_of_the_Tavern\Defense_of_the_Tavern\app.js
C:\repos\real-time-game-quiz-4ahif-JonasReichhardt\Defense_of_the_Tavern\Defense_of_the_Tavern\boot.js
C:\repos\real-time-game-quiz-4ahif-JonasReichhardt\Defense_of_the_Tavern\Defense_of_the_Tavern\load.js
C:\repos\real-time-game-quiz-4ahif-JonasReichhardt\Defense_of_the_Tavern\Defense_of_the_Tavern\menu.js
C:\repos\real-time-game-quiz-4ahif-JonasReichhardt\Defense_of_the_Tavern\Defense_of_the_Tavern\play.js
C:\repos\real-time-game-quiz-4ahif-JonasReichhardt\Defense_of_the_Tavern\Defense_of_the_Tavern\app.js
C:\repos\real-time-game-quiz-4ahif-JonasReichhardt\Defense_of_the_Tavern\Defense_of_the_Tavern\app.js
C:\repos\real-time-game-quiz-4ahif-JonasReichhardt\Defense_of_the_Tavern\Defense_of_the_Tavern\app.js
C:\repos\real-time-game-quiz-4ahif-JonasReichhardt\Defense_of_the_Tavern\Defense_of_the_Tavern\app.js
C:\repos\real-time-game-quiz-4ahif-JonasReichhardt\Defense_of_the_Tavern\Defense_of_the_Tavern\app.js
C:\repos\real-time-game-quiz-4ahif-JonasReichhardt\Defense_of_the_Tavern\Defense_of_the_Tavern\app.js
C:\repos\real-time-game-quiz-4ahif-JonasReichhardt\Defense_of_the_Tavern\Defense_of_the_Tavern\app.js
C:\repos\real-time-game-quiz-4ahif-JonasReichhardt\Defense_of_the_Tavern\Defense_of_the_Tavern\app.js
C:\repos\real-time-game-quiz-4ahif-JonasReichhardt\Defense_of_the_Tavern\Defense_of_the_Tavern\app.js
C:\repos\real-time-game-quiz-4ahif-JonasReichhardt\Defense_of_the_Tavern\Defense_of_the_Tavern\app.js
